app/build/intermediates/manifest_merge_blame_file/debug/manifest-merger-blame-debug-report.txt
1<?xml version="1.0" encoding="utf-8"?>
2<manifest xmlns:android="http://schemas.android.com/apk/res/android"
3    package="sn.free.music.downloadmusic"
4    android:versionCode="1"
5    android:versionName="1.0" >
6
7    <uses-sdk
8        android:minSdkVersion="16"
8-->src\main\AndroidManifest.xml
9        android:targetSdkVersion="29" />
9-->src\main\AndroidManifest.xml
10
11    <uses-permission android:name="android.permission.FOREGROUND_SERVICE" />
11-->src\main\AndroidManifest.xml:5:5-77
11-->src\main\AndroidManifest.xml:5:22-74
12    <uses-permission android:name="android.permission.BROADCAST_STICKY" />
12-->src\main\AndroidManifest.xml:6:5-75
12-->src\main\AndroidManifest.xml:6:22-72
13    <uses-permission android:name="android.permission.INTERNET" />
13-->src\main\AndroidManifest.xml:7:5-67
13-->src\main\AndroidManifest.xml:7:22-64
14    <uses-permission android:name="android.permission.WRITE_EXTERNAL_STORAGE" />
14-->src\main\AndroidManifest.xml:8:5-81
14-->src\main\AndroidManifest.xml:8:22-78
15    <uses-permission android:name="android.permission.ACCESS_WIFI_STATE" />
15-->src\main\AndroidManifest.xml:9:5-76
15-->src\main\AndroidManifest.xml:9:22-73
16    <uses-permission android:name="android.permission.ACCESS_NETWORK_STATE" />
16-->src\main\AndroidManifest.xml:10:5-79
16-->src\main\AndroidManifest.xml:10:22-76
17    <uses-permission android:name="android.permission.WAKE_LOCK" /> <!-- Required by older versions of Google Play services to create IID tokens -->
17-->[com.google.android.gms:play-services-measurement-api:17.4.3] AndroidManifest.xml:24:5-68
17-->[com.google.android.gms:play-services-measurement-api:17.4.3] AndroidManifest.xml:24:22-65
18    <uses-permission android:name="com.google.android.c2dm.permission.RECEIVE" />
18-->[com.google.firebase:firebase-iid:20.1.5] AndroidManifest.xml:26:5-82
18-->[com.google.firebase:firebase-iid:20.1.5] AndroidManifest.xml:26:22-79
19    <uses-permission android:name="com.google.android.finsky.permission.BIND_GET_INSTALL_REFERRER_SERVICE" />
19-->[com.google.android.gms:play-services-measurement:17.4.3] AndroidManifest.xml:26:5-110
19-->[com.google.android.gms:play-services-measurement:17.4.3] AndroidManifest.xml:26:22-107
20
21    <application
21-->src\main\AndroidManifest.xml:12:5-45:19
22        android:name="androidx.multidex.MultiDexApplication"
23        android:allowBackup="true"
23-->src\main\AndroidManifest.xml:13:9-35
24        android:appComponentFactory="androidx.core.app.CoreComponentFactory"
24-->[androidx.core:core:1.1.0] AndroidManifest.xml:24:18-86
25        android:debuggable="true"
26        android:icon="@mipmap/ic_download_music"
26-->src\main\AndroidManifest.xml:14:9-49
27        android:label="@string/app_name"
27-->src\main\AndroidManifest.xml:15:9-41
28        android:roundIcon="@mipmap/ic_download_music"
28-->src\main\AndroidManifest.xml:16:9-54
29        android:supportsRtl="true"
29-->src\main\AndroidManifest.xml:17:9-35
30        android:theme="@style/AppTheme"
30-->src\main\AndroidManifest.xml:18:9-40
31        android:usesCleartextTraffic="true" >
31-->src\main\AndroidManifest.xml:19:9-44
32        <activity android:name="sn.free.music.downloadmusic.activity.DownloadedActivity" />
32-->src\main\AndroidManifest.xml:20:9-74
32-->src\main\AndroidManifest.xml:20:19-62
33        <activity android:name="sn.free.music.downloadmusic.activity.MainActivity" />
33-->src\main\AndroidManifest.xml:21:9-68
33-->src\main\AndroidManifest.xml:21:19-56
34        <activity
34-->src\main\AndroidManifest.xml:22:9-24:48
35            android:name="sn.free.music.downloadmusic.activity.DownloadActivity"
35-->src\main\AndroidManifest.xml:23:13-54
36            android:label="@string/app_name" />
36-->src\main\AndroidManifest.xml:24:13-45
37        <activity android:name="sn.free.music.downloadmusic.activity.SplatActivity" >
37-->src\main\AndroidManifest.xml:25:9-31:20
37-->src\main\AndroidManifest.xml:25:19-57
38            <intent-filter>
38-->src\main\AndroidManifest.xml:26:13-30:29
39                <action android:name="android.intent.action.MAIN" />
39-->src\main\AndroidManifest.xml:27:17-69
39-->src\main\AndroidManifest.xml:27:25-66
40
41                <category android:name="android.intent.category.LAUNCHER" />
41-->src\main\AndroidManifest.xml:29:17-77
41-->src\main\AndroidManifest.xml:29:27-74
42            </intent-filter>
43        </activity>
44
45        <provider
46            android:name="androidx.core.content.FileProvider"
46-->src\main\AndroidManifest.xml:34:13-62
47            android:authorities="sn.free.music.downloadmusic.fileprovider"
47-->src\main\AndroidManifest.xml:35:13-64
48            android:exported="false"
48-->src\main\AndroidManifest.xml:36:13-37
49            android:grantUriPermissions="true" >
49-->src\main\AndroidManifest.xml:37:13-47
50            <meta-data
50-->src\main\AndroidManifest.xml:38:13-40:56
51                android:name="android.support.FILE_PROVIDER_PATHS"
51-->src\main\AndroidManifest.xml:39:17-67
52                android:resource="@xml/fileprovider" />
52-->src\main\AndroidManifest.xml:40:17-53
53        </provider> <!-- <service android:name=".services.MP3Service" /> -->
54        <meta-data
54-->src\main\AndroidManifest.xml:42:9-44:70
55            android:name="com.google.android.gms.ads.APPLICATION_ID"
55-->src\main\AndroidManifest.xml:43:13-69
56            android:value="ca-app-pub-5144425423470785~8508905282" />
56-->src\main\AndroidManifest.xml:44:13-67
57
58        <service
58-->[com.google.firebase:firebase-config:19.1.4] AndroidManifest.xml:29:9-35:19
59            android:name="com.google.firebase.components.ComponentDiscoveryService"
59-->[com.google.firebase:firebase-config:19.1.4] AndroidManifest.xml:30:13-84
60            android:directBootAware="true"
60-->[com.google.firebase:firebase-common:19.3.0] AndroidManifest.xml:34:13-43
61            android:exported="false" >
61-->[com.google.firebase:firebase-config:19.1.4] AndroidManifest.xml:31:13-37
62            <meta-data
62-->[com.google.firebase:firebase-config:19.1.4] AndroidManifest.xml:32:13-34:85
63                android:name="com.google.firebase.components:com.google.firebase.remoteconfig.RemoteConfigRegistrar"
63-->[com.google.firebase:firebase-config:19.1.4] AndroidManifest.xml:33:17-117
64                android:value="com.google.firebase.components.ComponentRegistrar" />
64-->[com.google.firebase:firebase-config:19.1.4] AndroidManifest.xml:34:17-82
65            <meta-data
65-->[com.google.firebase:firebase-abt:19.0.1] AndroidManifest.xml:13:13-15:85
66                android:name="com.google.firebase.components:com.google.firebase.abt.component.AbtRegistrar"
66-->[com.google.firebase:firebase-abt:19.0.1] AndroidManifest.xml:14:17-109
67                android:value="com.google.firebase.components.ComponentRegistrar" />
67-->[com.google.firebase:firebase-abt:19.0.1] AndroidManifest.xml:15:17-82
68            <meta-data
68-->[com.google.android.gms:play-services-measurement-api:17.4.3] AndroidManifest.xml:30:13-32:85
69                android:name="com.google.firebase.components:com.google.firebase.analytics.connector.internal.AnalyticsConnectorRegistrar"
69-->[com.google.android.gms:play-services-measurement-api:17.4.3] AndroidManifest.xml:31:17-139
70                android:value="com.google.firebase.components.ComponentRegistrar" />
70-->[com.google.android.gms:play-services-measurement-api:17.4.3] AndroidManifest.xml:32:17-82
71            <meta-data
71-->[com.google.firebase:firebase-iid:20.1.5] AndroidManifest.xml:32:13-34:85
72                android:name="com.google.firebase.components:com.google.firebase.iid.Registrar"
72-->[com.google.firebase:firebase-iid:20.1.5] AndroidManifest.xml:33:17-96
73                android:value="com.google.firebase.components.ComponentRegistrar" />
73-->[com.google.firebase:firebase-iid:20.1.5] AndroidManifest.xml:34:17-82
74            <meta-data
74-->[com.google.firebase:firebase-installations:16.2.1] AndroidManifest.xml:17:13-19:85
75                android:name="com.google.firebase.components:com.google.firebase.installations.FirebaseInstallationsRegistrar"
75-->[com.google.firebase:firebase-installations:16.2.1] AndroidManifest.xml:18:17-127
76                android:value="com.google.firebase.components.ComponentRegistrar" />
76-->[com.google.firebase:firebase-installations:16.2.1] AndroidManifest.xml:19:17-82
77        </service>
78
79        <receiver
79-->[com.google.firebase:firebase-iid:20.1.5] AndroidManifest.xml:37:9-44:20
80            android:name="com.google.firebase.iid.FirebaseInstanceIdReceiver"
80-->[com.google.firebase:firebase-iid:20.1.5] AndroidManifest.xml:38:13-78
81            android:exported="true"
81-->[com.google.firebase:firebase-iid:20.1.5] AndroidManifest.xml:39:13-36
82            android:permission="com.google.android.c2dm.permission.SEND" >
82-->[com.google.firebase:firebase-iid:20.1.5] AndroidManifest.xml:40:13-73
83            <intent-filter>
83-->[com.google.firebase:firebase-iid:20.1.5] AndroidManifest.xml:41:13-43:29
84                <action android:name="com.google.android.c2dm.intent.RECEIVE" />
84-->[com.google.firebase:firebase-iid:20.1.5] AndroidManifest.xml:42:17-81
84-->[com.google.firebase:firebase-iid:20.1.5] AndroidManifest.xml:42:25-78
85            </intent-filter>
86        </receiver>
87
88        <provider
88-->[com.google.firebase:firebase-common:19.3.0] AndroidManifest.xml:26:9-30:39
89            android:name="com.google.firebase.provider.FirebaseInitProvider"
89-->[com.google.firebase:firebase-common:19.3.0] AndroidManifest.xml:27:13-77
90            android:authorities="sn.free.music.downloadmusic.firebaseinitprovider"
90-->[com.google.firebase:firebase-common:19.3.0] AndroidManifest.xml:28:13-72
91            android:exported="false"
91-->[com.google.firebase:firebase-common:19.3.0] AndroidManifest.xml:29:13-37
92            android:initOrder="100" />
92-->[com.google.firebase:firebase-common:19.3.0] AndroidManifest.xml:30:13-36
93
94        <receiver
94-->[com.google.android.gms:play-services-measurement:17.4.3] AndroidManifest.xml:29:9-33:20
95            android:name="com.google.android.gms.measurement.AppMeasurementReceiver"
95-->[com.google.android.gms:play-services-measurement:17.4.3] AndroidManifest.xml:30:13-85
96            android:enabled="true"
96-->[com.google.android.gms:play-services-measurement:17.4.3] AndroidManifest.xml:31:13-35
97            android:exported="false" >
97-->[com.google.android.gms:play-services-measurement:17.4.3] AndroidManifest.xml:32:13-37
98        </receiver>
99
100        <service
100-->[com.google.android.gms:play-services-measurement:17.4.3] AndroidManifest.xml:35:9-38:40
101            android:name="com.google.android.gms.measurement.AppMeasurementService"
101-->[com.google.android.gms:play-services-measurement:17.4.3] AndroidManifest.xml:36:13-84
102            android:enabled="true"
102-->[com.google.android.gms:play-services-measurement:17.4.3] AndroidManifest.xml:37:13-35
103            android:exported="false" />
103-->[com.google.android.gms:play-services-measurement:17.4.3] AndroidManifest.xml:38:13-37
104        <service
104-->[com.google.android.gms:play-services-measurement:17.4.3] AndroidManifest.xml:39:9-43:72
105            android:name="com.google.android.gms.measurement.AppMeasurementJobService"
105-->[com.google.android.gms:play-services-measurement:17.4.3] AndroidManifest.xml:40:13-87
106            android:enabled="true"
106-->[com.google.android.gms:play-services-measurement:17.4.3] AndroidManifest.xml:41:13-35
107            android:exported="false"
107-->[com.google.android.gms:play-services-measurement:17.4.3] AndroidManifest.xml:42:13-37
108            android:permission="android.permission.BIND_JOB_SERVICE" /> <!-- Include the AdActivity and InAppPurchaseActivity configChanges and themes. -->
108-->[com.google.android.gms:play-services-measurement:17.4.3] AndroidManifest.xml:43:13-69
109        <activity
109-->[com.google.android.gms:play-services-ads-lite:19.1.0] AndroidManifest.xml:29:9-33:64
110            android:name="com.google.android.gms.ads.AdActivity"
110-->[com.google.android.gms:play-services-ads-lite:19.1.0] AndroidManifest.xml:30:13-65
111            android:configChanges="keyboard|keyboardHidden|orientation|screenLayout|uiMode|screenSize|smallestScreenSize"
111-->[com.google.android.gms:play-services-ads-lite:19.1.0] AndroidManifest.xml:31:13-122
112            android:exported="false"
112-->[com.google.android.gms:play-services-ads-lite:19.1.0] AndroidManifest.xml:32:13-37
113            android:theme="@android:style/Theme.Translucent" />
113-->[com.google.android.gms:play-services-ads-lite:19.1.0] AndroidManifest.xml:33:13-61
114
115        <provider
115-->[com.google.android.gms:play-services-ads-lite:19.1.0] AndroidManifest.xml:35:9-39:39
116            android:name="com.google.android.gms.ads.MobileAdsInitProvider"
116-->[com.google.android.gms:play-services-ads-lite:19.1.0] AndroidManifest.xml:36:13-76
117            android:authorities="sn.free.music.downloadmusic.mobileadsinitprovider"
117-->[com.google.android.gms:play-services-ads-lite:19.1.0] AndroidManifest.xml:37:13-73
118            android:exported="false"
118-->[com.google.android.gms:play-services-ads-lite:19.1.0] AndroidManifest.xml:38:13-37
119            android:initOrder="100" />
119-->[com.google.android.gms:play-services-ads-lite:19.1.0] AndroidManifest.xml:39:13-36
120
121        <activity
121-->[com.google.android.gms:play-services-base:17.0.0] AndroidManifest.xml:23:9-26:75
122            android:name="com.google.android.gms.common.api.GoogleApiActivity"
122-->[com.google.android.gms:play-services-base:17.0.0] AndroidManifest.xml:24:13-79
123            android:exported="false"
123-->[com.google.android.gms:play-services-base:17.0.0] AndroidManifest.xml:25:13-37
124            android:theme="@android:style/Theme.Translucent.NoTitleBar" />
124-->[com.google.android.gms:play-services-base:17.0.0] AndroidManifest.xml:26:13-72
125
126        <meta-data
126-->[com.google.android.gms:play-services-basement:17.0.0] AndroidManifest.xml:23:9-25:69
127            android:name="com.google.android.gms.version"
127-->[com.google.android.gms:play-services-basement:17.0.0] AndroidManifest.xml:24:13-58
128            android:value="@integer/google_play_services_version" />
128-->[com.google.android.gms:play-services-basement:17.0.0] AndroidManifest.xml:25:13-66
129    </application>
130
131</manifest>